<?xml version="1.0" encoding="UTF-8"?>
<!-- Generated by org.testng.reporters.JUnitReportReporter -->
<testsuite skipped="0" hostname="LAPTOP-2GCHQH8N" name="testcases.Test1" tests="1" failures="0" timestamp="2020-05-31T15:12:49 IST" time="0.651" errors="0">
  <testcase name="openInChromeBrowser" time="0.651" classname="testcases.Test1"/>
  <system-out/>
</testsuite> <!-- testcases.Test1 -->
